Using pre-set license
Built from '2022.3/staging' branch; Version is '2022.3.4f1 (35713cd46cd7) revision 3502396'; Using compiler version '192829333'; Build Type 'Release'
OS: 'Windows 11  (10.0.22621) 64bit Professional' Language: 'en' Physical Memory: 16293 MB
BatchMode: 1, IsHumanControllingUs: 0, StartBugReporterOnCrash: 0, Is64bit: 1, IsPro: 1

COMMAND LINE ARGUMENTS:
C:\Program Files\Unity\Hub\Editor\2022.3.4f1\Editor\Unity.exe
-adb2
-batchMode
-noUpm
-name
AssetImportWorker0
-projectPath
C:/Users/anwar/Documents/GitHub/MFGJSummer23/MFGJ
-logFile
Logs/AssetImportWorker0.log
-srvPort
58149
Successfully changed project path to: C:/Users/anwar/Documents/GitHub/MFGJSummer23/MFGJ
C:/Users/anwar/Documents/GitHub/MFGJSummer23/MFGJ
[UnityMemory] Configuration Parameters - Can be set up in boot.config
    "memorysetup-bucket-allocator-granularity=16"
    "memorysetup-bucket-allocator-bucket-count=8"
    "memorysetup-bucket-allocator-block-size=33554432"
    "memorysetup-bucket-allocator-block-count=8"
    "memorysetup-main-allocator-block-size=16777216"
    "memorysetup-thread-allocator-block-size=16777216"
    "memorysetup-gfx-main-allocator-block-size=16777216"
    "memorysetup-gfx-thread-allocator-block-size=16777216"
    "memorysetup-cache-allocator-block-size=4194304"
    "memorysetup-typetree-allocator-block-size=2097152"
    "memorysetup-profiler-bucket-allocator-granularity=16"
    "memorysetup-profiler-bucket-allocator-bucket-count=8"
    "memorysetup-profiler-bucket-allocator-block-size=33554432"
    "memorysetup-profiler-bucket-allocator-block-count=8"
    "memorysetup-profiler-allocator-block-size=16777216"
    "memorysetup-profiler-editor-allocator-block-size=1048576"
    "memorysetup-temp-allocator-size-main=16777216"
    "memorysetup-job-temp-allocator-block-size=2097152"
    "memorysetup-job-temp-allocator-block-size-background=1048576"
    "memorysetup-job-temp-allocator-reduction-small-platforms=262144"
    "memorysetup-allocator-temp-initial-block-size-main=262144"
    "memorysetup-allocator-temp-initial-block-size-worker=262144"
    "memorysetup-temp-allocator-size-background-worker=32768"
    "memorysetup-temp-allocator-size-job-worker=262144"
    "memorysetup-temp-allocator-size-preload-manager=33554432"
    "memorysetup-temp-allocator-size-nav-mesh-worker=65536"
    "memorysetup-temp-allocator-size-audio-worker=65536"
    "memorysetup-temp-allocator-size-cloud-worker=32768"
    "memorysetup-temp-allocator-size-gi-baking-worker=262144"
    "memorysetup-temp-allocator-size-gfx=262144"
Player connection [18704] Host "[IP] 192.168.33.2 [Port] 0 [Flags] 2 [Guid] 4139172272 [EditorId] 4139172272 [Version] 1048832 [Id] WindowsEditor(7,ANWAR-PC) [Debug] 1 [PackageName] WindowsEditor [ProjectName] Editor" joined multi-casting on [225.0.0.222:54997]...

Player connection [18704] Host "[IP] 192.168.33.2 [Port] 0 [Flags] 2 [Guid] 4139172272 [EditorId] 4139172272 [Version] 1048832 [Id] WindowsEditor(7,ANWAR-PC) [Debug] 1 [PackageName] WindowsEditor [ProjectName] Editor" joined alternative multi-casting on [225.0.0.222:34997]...

Refreshing native plugins compatible for Editor in 18.87 ms, found 4 plugins.
Preloading 0 native plugins for Editor in 0.00 ms.
Initialize engine version: 2022.3.4f1 (35713cd46cd7)
[Subsystems] Discovering subsystems at path C:/Program Files/Unity/Hub/Editor/2022.3.4f1/Editor/Data/Resources/UnitySubsystems
[Subsystems] Discovering subsystems at path C:/Users/anwar/Documents/GitHub/MFGJSummer23/MFGJ/Assets
GfxDevice: creating device client; threaded=0; jobified=0
Direct3D:
    Version:  Direct3D 11.0 [level 11.1]
    Renderer: Radeon RX 590 Series (ID=0x67df)
    Vendor:   ATI
    VRAM:     8170 MB
    Driver:   31.0.14057.5006
Initialize mono
Mono path[0] = 'C:/Program Files/Unity/Hub/Editor/2022.3.4f1/Editor/Data/Managed'
Mono path[1] = 'C:/Program Files/Unity/Hub/Editor/2022.3.4f1/Editor/Data/MonoBleedingEdge/lib/mono/unityjit-win32'
Mono config path = 'C:/Program Files/Unity/Hub/Editor/2022.3.4f1/Editor/Data/MonoBleedingEdge/etc'
Using monoOptions --debugger-agent=transport=dt_socket,embedding=1,server=y,suspend=n,address=127.0.0.1:56512
Begin MonoManager ReloadAssembly
Registering precompiled unity dll's ...
Register platform support module: C:/Program Files/Unity/Hub/Editor/2022.3.4f1/Editor/Data/PlaybackEngines/WindowsStandaloneSupport/UnityEditor.WindowsStandalone.Extensions.dll
Register platform support module: C:/Program Files/Unity/Hub/Editor/2022.3.4f1/Editor/Data/PlaybackEngines/MetroSupport/UnityEditor.UWP.Extensions.dll
Registered in 0.011903 seconds.
- Loaded All Assemblies, in  0.451 seconds
Native extension for UWP target not found
Native extension for WindowsStandalone target not found
Mono: successfully reloaded assembly
- Finished resetting the current domain, in  0.366 seconds
Domain Reload Profiling: 814ms
	BeginReloadAssembly (111ms)
		ExecutionOrderSort (0ms)
		DisableScriptedObjects (0ms)
		BackupInstance (0ms)
		ReleaseScriptingObjects (0ms)
		CreateAndSetChildDomain (1ms)
	RebuildCommonClasses (48ms)
	RebuildNativeTypeToScriptingClass (16ms)
	initialDomainReloadingComplete (84ms)
	LoadAllAssembliesAndSetupDomain (188ms)
		LoadAssemblies (108ms)
		RebuildTransferFunctionScriptingTraits (0ms)
		AnalyzeDomain (179ms)
			TypeCache.Refresh (178ms)
				TypeCache.ScanAssembly (165ms)
			ScanForSourceGeneratedMonoScriptInfo (0ms)
			ResolveRequiredComponents (1ms)
	FinalizeReload (367ms)
		ReleaseScriptCaches (0ms)
		RebuildScriptCaches (0ms)
		SetupLoadedEditorAssemblies (292ms)
			LogAssemblyErrors (0ms)
			InitializePlatformSupportModulesInManaged (14ms)
			SetLoadedEditorAssemblies (8ms)
			RefreshPlugins (0ms)
			BeforeProcessingInitializeOnLoad (3ms)
			ProcessInitializeOnLoadAttributes (199ms)
			ProcessInitializeOnLoadMethodAttributes (67ms)
			AfterProcessingInitializeOnLoad (0ms)
			EditorAssembliesLoaded (0ms)
		ExecutionOrderSort2 (0ms)
		AwakeInstancesAfterBackupRestoration (0ms)
========================================================================
Worker process is ready to serve import requests
Begin MonoManager ReloadAssembly
Symbol file LoadedFromMemory doesn't match image C:\Users\anwar\Documents\GitHub\MFGJSummer23\MFGJ\Library\PackageCache\com.unity.visualscripting@1.8.0\Editor\VisualScripting.Core\Dependencies\YamlDotNet\Unity.VisualScripting.YamlDotNet.dll
Symbol file LoadedFromMemory doesn't match image C:\Users\anwar\Documents\GitHub\MFGJSummer23\MFGJ\Library\PackageCache\com.unity.visualscripting@1.8.0\Editor\VisualScripting.Core\Dependencies\DotNetZip\Unity.VisualScripting.IonicZip.dll
- Loaded All Assemblies, in  1.330 seconds
Refreshing native plugins compatible for Editor in 9.06 ms, found 4 plugins.
Native extension for UWP target not found
Native extension for WindowsStandalone target not found
Mono: successfully reloaded assembly
- Finished resetting the current domain, in  1.042 seconds
Domain Reload Profiling: 2365ms
	BeginReloadAssembly (182ms)
		ExecutionOrderSort (0ms)
		DisableScriptedObjects (7ms)
		BackupInstance (0ms)
		ReleaseScriptingObjects (0ms)
		CreateAndSetChildDomain (24ms)
	RebuildCommonClasses (58ms)
	RebuildNativeTypeToScriptingClass (15ms)
	initialDomainReloadingComplete (79ms)
	LoadAllAssembliesAndSetupDomain (989ms)
		LoadAssemblies (494ms)
		RebuildTransferFunctionScriptingTraits (0ms)
		AnalyzeDomain (580ms)
			TypeCache.Refresh (531ms)
				TypeCache.ScanAssembly (510ms)
			ScanForSourceGeneratedMonoScriptInfo (38ms)
			ResolveRequiredComponents (10ms)
	FinalizeReload (1043ms)
		ReleaseScriptCaches (0ms)
		RebuildScriptCaches (0ms)
		SetupLoadedEditorAssemblies (719ms)
			LogAssemblyErrors (0ms)
			InitializePlatformSupportModulesInManaged (11ms)
			SetLoadedEditorAssemblies (5ms)
			RefreshPlugins (0ms)
			BeforeProcessingInitializeOnLoad (134ms)
			ProcessInitializeOnLoadAttributes (487ms)
			ProcessInitializeOnLoadMethodAttributes (70ms)
			AfterProcessingInitializeOnLoad (13ms)
			EditorAssembliesLoaded (0ms)
		ExecutionOrderSort2 (0ms)
		AwakeInstancesAfterBackupRestoration (10ms)
Launched and connected shader compiler UnityShaderCompiler.exe after 0.07 seconds
Refreshing native plugins compatible for Editor in 9.53 ms, found 4 plugins.
Preloading 0 native plugins for Editor in 0.00 ms.
Unloading 4299 Unused Serialized files (Serialized files now loaded: 0)
Unloading 94 unused Assets / (1.5 MB). Loaded Objects now: 4745.
Memory consumption went from 156.3 MB to 154.8 MB.
Total: 7.426800 ms (FindLiveObjects: 0.566100 ms CreateObjectMapping: 0.312100 ms MarkObjects: 5.626800 ms  DeleteObjects: 0.920400 ms)

AssetImportParameters requested are different than current active one (requested -> active):
  custom:container-demuxer-ogg: 62fdf1f143b41e24485cea50d1cbac27 -> 
  custom:video-decoder-ogg-theora: a1e56fd34408186e4bbccfd4996cb3dc -> 
  custom:framework-win-MediaFoundation: 216162199b28c13a410421893ffa2e32 -> 
  custom:CustomObjectIndexerAttribute: 756ad292c208cfabdd7b50bc23989ffe -> 
  custom:container-demuxer-webm: 4f35f7cbe854078d1ac9338744f61a02 -> 
  custom:container-muxer-webm: aa71ff27fc2769a1b78a27578f13a17b -> 
  custom:video-decoder-webm-vp8: 9c59270c3fd7afecdb556c50c9e8de78 -> 
  custom:AudioImporter_EditorPlatform: d09bf68614088b80899f8185d706f6e7 -> 
  custom:video-encoder-webm-vp8: eb34c28f22e8b96e1ab97ce403110664 -> 
  custom:audio-decoder-ogg-vorbis: bf7c407c2cedff20999df2af8eb42d56 -> 
  custom:audio-encoder-webm-vorbis: bf7c407c2cedff20999df2af8eb42d56 -> 
========================================================================
Received Import Request.
  Time since last request: 859386.390782 seconds.
  path: Assets/Player/Sprites/Bikers/Brown/BrownBiker1.png
  artifactKey: Guid(f0188b75280158444ae9af8aaf36edc8) Importer(815301076,1909f56bfc062723c751e8b465ee728b)
Start importing Assets/Player/Sprites/Bikers/Brown/BrownBiker1.png using Guid(f0188b75280158444ae9af8aaf36edc8) Importer(815301076,1909f56bfc062723c751e8b465ee728b)  -> (artifact id: 'f8f6bd9b6a957f6f621af735e2f27f91') in 0.126345 seconds
Number of updated asset objects reloaded before import = 0
Number of asset objects unloaded after import = 3
========================================================================
Received Import Request.
  Time since last request: 0.000043 seconds.
  path: Assets/Player/Sprites/Bikers
  artifactKey: Guid(929a81532127b3749aa0463fedfb02cc) Importer(815301076,1909f56bfc062723c751e8b465ee728b)
Start importing Assets/Player/Sprites/Bikers using Guid(929a81532127b3749aa0463fedfb02cc) Importer(815301076,1909f56bfc062723c751e8b465ee728b)  -> (artifact id: '45b8bd729e4e9bda6ad28369cf6890c2') in 0.000531 seconds
Number of updated asset objects reloaded before import = 0
Number of asset objects unloaded after import = 0
========================================================================
Received Import Request.
  Time since last request: 0.000070 seconds.
  path: Assets/Player/Sprites/Bikers/Brown/BrownBiker2.png
  artifactKey: Guid(f448fbce1acf01e47a7cd273d2e8944a) Importer(815301076,1909f56bfc062723c751e8b465ee728b)
Start importing Assets/Player/Sprites/Bikers/Brown/BrownBiker2.png using Guid(f448fbce1acf01e47a7cd273d2e8944a) Importer(815301076,1909f56bfc062723c751e8b465ee728b)  -> (artifact id: '6b9cb0ef949b943692d1cbaba3e4ee2f') in 0.019029 seconds
Number of updated asset objects reloaded before import = 0
Number of asset objects unloaded after import = 3
========================================================================
Received Import Request.
  Time since last request: 23.912441 seconds.
  path: Assets/Player/Sprites/Bikers/Blue/Biker2.png
  artifactKey: Guid(f288e07a30f4214408a468e6485f7cf3) Importer(815301076,1909f56bfc062723c751e8b465ee728b)
Start importing Assets/Player/Sprites/Bikers/Blue/Biker2.png using Guid(f288e07a30f4214408a468e6485f7cf3) Importer(815301076,1909f56bfc062723c751e8b465ee728b)  -> (artifact id: '457fa45eec9f6e39fab532d2c69de5ac') in 0.021906 seconds
Number of updated asset objects reloaded before import = 0
Number of asset objects unloaded after import = 3
========================================================================
Received Import Request.
  Time since last request: 15.977782 seconds.
  path: Assets/Player/Sprites/Bikers/Brown/BrownBiker2.png
  artifactKey: Guid(f448fbce1acf01e47a7cd273d2e8944a) Importer(815301076,1909f56bfc062723c751e8b465ee728b)
Start importing Assets/Player/Sprites/Bikers/Brown/BrownBiker2.png using Guid(f448fbce1acf01e47a7cd273d2e8944a) Importer(815301076,1909f56bfc062723c751e8b465ee728b)  -> (artifact id: '303f01e0efc1888ba6f08b2962864bef') in 0.020303 seconds
Number of updated asset objects reloaded before import = 0
Number of asset objects unloaded after import = 3
========================================================================
Received Import Request.
  Time since last request: 4.663073 seconds.
  path: Assets/Player/Sprites/Bikers/Green/GreenBiker2.png
  artifactKey: Guid(4946de2b9e4a0d248a191b0cc8f163ad) Importer(815301076,1909f56bfc062723c751e8b465ee728b)
Start importing Assets/Player/Sprites/Bikers/Green/GreenBiker2.png using Guid(4946de2b9e4a0d248a191b0cc8f163ad) Importer(815301076,1909f56bfc062723c751e8b465ee728b)  -> (artifact id: '7bac08c93ec25d2e8618f0281f5b28d3') in 0.017996 seconds
Number of updated asset objects reloaded before import = 0
Number of asset objects unloaded after import = 3
========================================================================
Received Import Request.
  Time since last request: 9.879623 seconds.
  path: Assets/Player/Sprites/Bikers/Green/GreenBiker2.png
  artifactKey: Guid(4946de2b9e4a0d248a191b0cc8f163ad) Importer(815301076,1909f56bfc062723c751e8b465ee728b)
Start importing Assets/Player/Sprites/Bikers/Green/GreenBiker2.png using Guid(4946de2b9e4a0d248a191b0cc8f163ad) Importer(815301076,1909f56bfc062723c751e8b465ee728b)  -> (artifact id: 'a486e86872d2cdd7c5bb85c806c673fa') in 0.017102 seconds
Number of updated asset objects reloaded before import = 0
Number of asset objects unloaded after import = 3
========================================================================
Received Import Request.
  Time since last request: 3.395754 seconds.
  path: Assets/Player/Sprites/Bikers/Purple/PurpleBiker2.png
  artifactKey: Guid(3e74bc733484f3448a46e84f8b6a6547) Importer(815301076,1909f56bfc062723c751e8b465ee728b)
Start importing Assets/Player/Sprites/Bikers/Purple/PurpleBiker2.png using Guid(3e74bc733484f3448a46e84f8b6a6547) Importer(815301076,1909f56bfc062723c751e8b465ee728b)  -> (artifact id: 'f4cd79445e1f8219def659545d376cf3') in 0.024611 seconds
Number of updated asset objects reloaded before import = 0
Number of asset objects unloaded after import = 3
========================================================================
Received Import Request.
  Time since last request: 9.426106 seconds.
  path: Assets/Player/Sprites/Bikers/Purple/PurpleBiker2.png
  artifactKey: Guid(3e74bc733484f3448a46e84f8b6a6547) Importer(815301076,1909f56bfc062723c751e8b465ee728b)
Start importing Assets/Player/Sprites/Bikers/Purple/PurpleBiker2.png using Guid(3e74bc733484f3448a46e84f8b6a6547) Importer(815301076,1909f56bfc062723c751e8b465ee728b)  -> (artifact id: '573531d2bbbfea07272df4bbb19041bc') in 0.018560 seconds
Number of updated asset objects reloaded before import = 0
Number of asset objects unloaded after import = 3
========================================================================
Received Import Request.
  Time since last request: 7.811669 seconds.
  path: Assets/Player/Sprites/Bikers/Red/RedBiker2.png
  artifactKey: Guid(c483d99e8470eca45a37b96a8dee617b) Importer(815301076,1909f56bfc062723c751e8b465ee728b)
Start importing Assets/Player/Sprites/Bikers/Red/RedBiker2.png using Guid(c483d99e8470eca45a37b96a8dee617b) Importer(815301076,1909f56bfc062723c751e8b465ee728b)  -> (artifact id: '1161909dd13ba4d46faa7f4aba49674e') in 0.021666 seconds
Number of updated asset objects reloaded before import = 0
Number of asset objects unloaded after import = 3
========================================================================
Received Import Request.
  Time since last request: 14.098467 seconds.
  path: Assets/Player/Sprites/Bikers/Red/RedBiker2.png
  artifactKey: Guid(c483d99e8470eca45a37b96a8dee617b) Importer(815301076,1909f56bfc062723c751e8b465ee728b)
Start importing Assets/Player/Sprites/Bikers/Red/RedBiker2.png using Guid(c483d99e8470eca45a37b96a8dee617b) Importer(815301076,1909f56bfc062723c751e8b465ee728b)  -> (artifact id: '285ea895dd22ae0963fb9c459387e311') in 0.018651 seconds
Number of updated asset objects reloaded before import = 0
Number of asset objects unloaded after import = 3
========================================================================
Received Import Request.
  Time since last request: 2.037688 seconds.
  path: Assets/Player/Sprites/Bikers/Yellow/YellowBiker2.png
  artifactKey: Guid(6cd9022069b8bbe4a8b5ef034448351b) Importer(815301076,1909f56bfc062723c751e8b465ee728b)
Start importing Assets/Player/Sprites/Bikers/Yellow/YellowBiker2.png using Guid(6cd9022069b8bbe4a8b5ef034448351b) Importer(815301076,1909f56bfc062723c751e8b465ee728b)  -> (artifact id: '17c30611eb25fca8a84b411d11e72534') in 0.021981 seconds
Number of updated asset objects reloaded before import = 0
Number of asset objects unloaded after import = 3
========================================================================
Received Import Request.
  Time since last request: 7.615383 seconds.
  path: Assets/Player/Sprites/Bikers/Yellow/YellowBiker2.png
  artifactKey: Guid(6cd9022069b8bbe4a8b5ef034448351b) Importer(815301076,1909f56bfc062723c751e8b465ee728b)
Start importing Assets/Player/Sprites/Bikers/Yellow/YellowBiker2.png using Guid(6cd9022069b8bbe4a8b5ef034448351b) Importer(815301076,1909f56bfc062723c751e8b465ee728b)  -> (artifact id: '544227c508ff6cc014558d6baae83c70') in 0.024525 seconds
Number of updated asset objects reloaded before import = 0
Number of asset objects unloaded after import = 3
Editor requested this worker to shutdown with reason: Scaling down because of idle timeout
TcpMessagingSession - receive error: operation aborted. errorcode: 995, details: The I/O operation has been aborted because of either a thread exit or an application request.
AssetImportWorker is now disconnected from the server
Process exiting
Exiting without the bug reporter. Application will terminate with return code 0